<?xml version="1.0" encoding="UTF-8"?>
<testsuite name="tests.loginPageTests" tests="1" skipped="0" failures="0" errors="0" timestamp="2022-02-15T10:48:48" hostname="MININT-CTUDG93" time="20.987">
  <properties/>
  <testcase name="appLoginTest" classname="tests.loginPageTests" time="20.987"/>
  <system-out><![CDATA[]]></system-out>
  <system-err><![CDATA[Starting ChromeDriver 98.0.4758.80 (7f0488e8ba0d8e019187c6325a16c29d9b7f4989-refs/branch-heads/4758@{#972}) on port 52725
Only local connections are allowed.
Please see https://chromedriver.chromium.org/security-considerations for suggestions on keeping ChromeDriver safe.
ChromeDriver was started successfully.
Feb 15, 2022 4:18:53 PM org.openqa.selenium.remote.ProtocolHandshake createSession
INFO: Detected dialect: W3C
Feb 15, 2022 4:18:53 PM org.openqa.selenium.devtools.CdpVersionFinder findNearestMatch
WARNING: Unable to find an exact match for CDP version 98, so returning the closest version found: 97
Feb 15, 2022 4:18:53 PM org.openqa.selenium.devtools.CdpVersionFinder findNearestMatch
INFO: Found CDP implementation for version 98 of 97
]]></system-err>
</testsuite>
